<?xml version="1.0" encoding="UTF-8"?>
<testng-results ignored="0" total="2" passed="2" failed="0" skipped="0">
  <reporter-output>
  </reporter-output>
  <suite started-at="2021-03-08T01:38:02 IST" name="Default suite" finished-at="2021-03-08T01:38:21 IST" duration-ms="18939">
    <groups>
    </groups>
    <test started-at="2021-03-08T01:38:02 IST" name="Default test" finished-at="2021-03-08T01:38:21 IST" duration-ms="18939">
      <class name="raBi_maven.extent_report.HighLighting">
        <test-method is-config="true" signature="setup()[pri:0, instance:raBi_maven.extent_report.HighLighting@f736069]" started-at="2021-03-08T01:38:03 IST" name="setup" finished-at="2021-03-08T01:38:10 IST" duration-ms="7262" status="PASS">
          <reporter-output>
          </reporter-output>
        </test-method> <!-- setup -->
        <test-method signature="highlightning()[pri:1, instance:raBi_maven.extent_report.HighLighting@f736069]" started-at="2021-03-08T01:38:10 IST" name="highlightning" finished-at="2021-03-08T01:38:10 IST" duration-ms="95" status="PASS">
          <reporter-output>
          </reporter-output>
        </test-method> <!-- highlightning -->
        <test-method signature="screenShot()[pri:2, instance:raBi_maven.extent_report.HighLighting@f736069]" started-at="2021-03-08T01:38:10 IST" name="screenShot" finished-at="2021-03-08T01:38:10 IST" duration-ms="559" status="PASS">
          <reporter-output>
          </reporter-output>
        </test-method> <!-- screenShot -->
        <test-method is-config="true" signature="Exiting()[pri:0, instance:raBi_maven.extent_report.HighLighting@f736069]" started-at="2021-03-08T01:38:10 IST" name="Exiting" finished-at="2021-03-08T01:38:21 IST" duration-ms="10947" status="PASS">
          <reporter-output>
          </reporter-output>
        </test-method> <!-- Exiting -->
      </class> <!-- raBi_maven.extent_report.HighLighting -->
    </test> <!-- Default test -->
  </suite> <!-- Default suite -->
</testng-results>
